<?xml version="1.0" encoding="UTF-8"?>
<testsuite xmlns:xsi="http://www.w3.org/2001/XMLSchema-instance" xsi:noNamespaceSchemaLocation="https://maven.apache.org/surefire/maven-surefire-plugin/xsd/surefire-test-report.xsd" name="CalcTest" time="0.033" tests="2" errors="0" skipped="0" failures="2">
  <properties>
[...]
</properties>
  <testcase name="CalcTest.testMinus" classname="CalcTest" time="0.011">
    <failure type="java.lang.NullPointerException">java.lang.NullPointerException
	at CalcTest.testMinus(CalcTest.java:39)
</failure>
  </testcase>
  <testcase name="CalcTest.testDevideByZeroException" classname="CalcTest" time="0">
    <failure type="java.lang.NullPointerException">java.lang.NullPointerException
	at CalcTest.testDevideByZeroException(CalcTest.java:64)
</failure>
  </testcase>
</testsuite>